[INFO] 2022-01-17 21:51:24,991 - January 2018 Report
[INFO] 2022-01-17 21:51:24,991 - Calls Offered: 16915
[INFO] 2022-01-17 21:51:24,991 - Abandon after 30s: 2.32%
[INFO] 2022-01-17 21:51:24,991 - FCR: 86.50%
[INFO] 2022-01-17 21:51:24,991 - DSAT: 14.20%
[INFO] 2022-01-17 21:51:24,991 - CSAT: 78.30%
[INFO] 2022-01-17 22:01:16,638 - January 2018 Report
[INFO] 2022-01-17 22:01:16,638 - Calls Offered: 16915
[INFO] 2022-01-17 22:01:16,639 - Abandon after 30s: 2.32%
[INFO] 2022-01-17 22:01:16,639 - FCR: 86.50%
[INFO] 2022-01-17 22:01:16,639 - DSAT: 14.20%
[INFO] 2022-01-17 22:01:16,639 - CSAT: 78.30%
[INFO] 2022-01-17 22:01:26,067 - January 2018 Report
[INFO] 2022-01-17 22:01:26,067 - Calls Offered: 16915
[INFO] 2022-01-17 22:01:26,067 - Abandon after 30s: 2.32%
[INFO] 2022-01-17 22:01:26,067 - FCR: 86.50%
[INFO] 2022-01-17 22:01:26,067 - DSAT: 14.20%
[INFO] 2022-01-17 22:01:26,067 - CSAT: 78.30%
[INFO] 2022-01-17 22:04:12,260 - January 2018 Report
[INFO] 2022-01-17 22:04:12,261 - Calls Offered: 16915
[INFO] 2022-01-17 22:04:12,261 - Abandon after 30s: 2.32%
[INFO] 2022-01-17 22:04:12,261 - FCR: 86.50%
[INFO] 2022-01-17 22:04:12,261 - DSAT: 14.20%
[INFO] 2022-01-17 22:04:12,261 - CSAT: 78.30%
[INFO] 2022-01-17 22:04:41,005 - January 2018 Report
[INFO] 2022-01-17 22:04:41,005 - Calls Offered: 16915
[INFO] 2022-01-17 22:04:41,005 - Abandon after 30s: 2.32%
[INFO] 2022-01-17 22:04:41,005 - FCR: 86.50%
[INFO] 2022-01-17 22:04:41,005 - DSAT: 14.20%
[INFO] 2022-01-17 22:04:41,005 - CSAT: 78.30%
